<?xml version="1.0" encoding="UTF-8"?>
<!-- Generated by org.testng.reporters.JUnitXMLReporter -->
<testsuite ignored="0" hostname="IN-BWFXDK3" failures="1" tests="5" name="AMS SMOKE TEST" time="184.929" errors="0" timestamp="2024-07-30T16:43:28 IST">
  <testcase classname="com.ams.tests.NYLoginPageTest" name="verifyLoginFunctionalityUsingInvalidCredentials" time="29.915"/>
  <testcase classname="com.ams.tests.NYLoginPageTest" name="verifyNYLoginFunctionality" time="65.262">
    <failure type="java.lang.AssertionError" message="Login Succedded but navigation failed
	expected [New York Times homepage] but found []">
      <![CDATA[java.lang.AssertionError: Login Succedded but navigation failed
expected [New York Times homepage] but found []
at com.ams.tests.NYLoginPageTest.verifyNYLoginFunctionality(NYLoginPageTest.java:38)
at java.base/java.util.ArrayList.forEach(ArrayList.java:1541)
at com.intellij.rt.testng.IDEARemoteTestNG.run(IDEARemoteTestNG.java:65)
at com.intellij.rt.testng.RemoteTestNGStarter.main(RemoteTestNGStarter.java:105)
... Removed 25 stack frames]]>
    </failure>
  </testcase> <!-- verifyNYLoginFunctionality -->
  <testcase classname="com.ams.tests.NYHomePageTest" name="validateDate" time="11.541"/>
  <testcase classname="com.ams.tests.NYHomePageTest" name="validatePageNavigationOnClick" time="23.413"/>
  <testcase classname="com.ams.tests.SearchTest" name="validateSearchFunctionality" time="18.26"/>
</testsuite> <!-- AMS SMOKE TEST -->
